<?xml version="1.0" encoding="utf-8"?><testsuites name="pytest tests"><testsuite name="pytest" errors="0" failures="0" skipped="0" tests="16" time="107.388" timestamp="2026-07-28T12:41:18.314774+00:00" hostname="agent-env-7ae69b67-3138-443b-a954-5de20afb499a"><testcase classname="tests.test_billing.TestPlansCatalog" name="test_plans_no_auth_required" time="0.314" /><testcase classname="tests.test_billing.TestPlansCatalog" name="test_plans_amount_paise_correct" time="0.136" /><testcase classname="tests.test_billing.TestPlansCatalog" name="test_plans_features_populated" time="0.139" /><testcase classname="tests.test_billing.TestBillingStatus" name="test_status_requires_auth" time="0.100" /><testcase classname="tests.test_billing.TestBillingStatus" name="test_status_fresh_user_is_free" time="0.476" /><testcase classname="tests.test_billing.TestBillingSubscription" name="test_subscription_requires_auth" time="0.139" /><testcase classname="tests.test_billing.TestBillingSubscription" name="test_subscription_returns_503_with_placeholder_keys" time="0.158" /><testcase classname="tests.test_billing.TestBillingSubscription" name="test_subscription_pro_tier_also_503" time="0.096" /><testcase classname="tests.test_billing.TestBillingSubscription" name="test_subscription_invalid_tier_422" time="0.104" /><testcase classname="tests.test_billing.TestBillingCancel" name="test_cancel_requires_auth" time="0.097" /><testcase classname="tests.test_billing.TestBillingCancel" name="test_cancel_no_subscription_404" time="0.132" /><testcase classname="tests.test_billing.TestBillingWebhook" name="test_webhook_missing_signature_header" time="0.117" /><testcase classname="tests.test_billing.TestBillingWebhook" name="test_webhook_with_signature_still_503_due_to_placeholder_secret" time="0.107" /><testcase classname="tests.test_billing.TestFeatureGatingTopics" name="test_sixth_call_returns_402_quota_exceeded" time="104.944" /><testcase classname="tests.test_billing.TestFeatureGatingTopics" name="test_usage_document_recorded" time="0.066" /><testcase classname="tests.test_billing.TestFeatureGatingPPT" name="test_ppt_generate_free_tier_402_upgrade_required" time="0.223" /></testsuite></testsuites>