<?xml version="1.0" encoding="utf-8"?><testsuites name="pytest tests"><testsuite name="pytest" errors="0" failures="0" skipped="0" tests="43" time="126.790" timestamp="2026-07-28T11:44:08.285964+00:00" hostname="agent-env-7ae69b67-3138-443b-a954-5de20afb499a"><testcase classname="tests.test_backend_api.TestAuth" name="test_login_success" time="0.447" /><testcase classname="tests.test_backend_api.TestAuthorization" name="test_requires_auth[GET-/projects-None]" time="0.447" /><testcase classname="tests.test_backend_api.TestAuth" name="test_login_wrong_password" time="0.269" /><testcase classname="tests.test_backend_api.TestAuthorization" name="test_requires_auth[POST-/projects-body1]" time="0.047" /><testcase classname="tests.test_backend_api.TestAuthorization" name="test_requires_auth[POST-/topics/generate-body2]" time="0.222" /><testcase classname="tests.test_backend_api.TestAuth" name="test_me_requires_token" time="0.051" /><testcase classname="tests.test_backend_api.TestAuthorization" name="test_requires_auth[POST-/papers/text-body3]" time="0.047" /><testcase classname="tests.test_backend_api.TestAuthorization" name="test_requires_auth[POST-/literature-review-body4]" time="0.045" /><testcase classname="tests.test_backend_api.TestAuth" name="test_me_with_bad_token" time="0.048" /><testcase classname="tests.test_backend_api.TestAuthorization" name="test_requires_auth[POST-/research-gap-body5]" time="0.045" /><testcase classname="tests.test_backend_api.TestAuthorization" name="test_requires_auth[POST-/proposal/generate-body6]" time="0.231" /><testcase classname="tests.test_backend_api.TestAuthorization" name="test_requires_auth[POST-/citations/generate-body7]" time="0.088" /><testcase classname="tests.test_backend_api.TestAuth" name="test_me_success" time="0.402" /><testcase classname="tests.test_backend_api.TestAuthorization" name="test_requires_auth[POST-/ppt/generate-body8]" time="0.087" /><testcase classname="tests.test_backend_api.TestAuth" name="test_register_duplicate_email" time="0.093" /><testcase classname="tests.test_backend_api.TestAuthorization" name="test_requires_auth[POST-/chat-body9]" time="0.046" /><testcase classname="tests.test_backend_api.TestAuthorization" name="test_requires_auth[GET-/dashboard/stats-None]" time="0.045" /><testcase classname="tests.test_backend_api.TestProjects" name="test_list_projects_authorized" time="0.054" /><testcase classname="tests.test_backend_api.TestAuthorization" name="test_requires_auth[GET-/auth/me-None]" time="0.045" /><testcase classname="tests.test_backend_api.TestProjects" name="test_list_projects_unauthorized" time="0.089" /><testcase classname="tests.test_backend_api.TestProjects" name="test_get_project_by_id" time="0.305" /><testcase classname="tests.test_backend_api.TestProjects" name="test_get_nonexistent_project" time="0.047" /><testcase classname="tests.test_backend_api.TestProjects" name="test_create_and_delete_project" time="0.195" /><testcase classname="tests.test_backend_api.TestCitations" name="test_citations_all_styles[IEEE]" time="7.267" /><testcase classname="tests.test_backend_api.TestPapers" name="test_paper_from_text_persisted" time="5.890" /><testcase classname="tests.test_backend_api.TestPapers" name="test_paper_upload_pdf" time="5.982" /><testcase classname="tests.test_backend_api.TestCitations" name="test_citations_all_styles[APA]" time="1.813" /><testcase classname="tests.test_backend_api.TestCitations" name="test_citations_all_styles[MLA]" time="1.567" /><testcase classname="tests.test_backend_api.TestCitations" name="test_citations_all_styles[Chicago]" time="1.656" /><testcase classname="tests.test_backend_api.TestCitations" name="test_citations_invalid_style" time="0.045" /><testcase classname="tests.test_backend_api.TestLiteratureReview" name="test_generate_literature_review" time="7.275" /><testcase classname="tests.test_backend_api.TestPapers" name="test_paper_text_too_short" time="0.053" /><testcase classname="tests.test_backend_api.TestTopics" name="test_generate_topics" time="21.360" /><testcase classname="tests.test_backend_api.TestLiteratureReview" name="test_get_stored_literature_review" time="0.056" /><testcase classname="tests.test_backend_api.TestProposal" name="test_generate_proposal" time="24.610" /><testcase classname="tests.test_backend_api.TestTopics" name="test_list_topics" time="0.051" /><testcase classname="tests.test_backend_api.TestHealth" name="test_root" time="0.048" /><testcase classname="tests.test_backend_api.TestResearchGap" name="test_research_gap" time="19.633" /><testcase classname="tests.test_backend_api.TestProposal" name="test_get_and_patch_proposal" time="0.116" /><testcase classname="tests.test_backend_api.TestProjectIsolation" name="test_user_b_cannot_access_user_a_project" time="0.312" /><testcase classname="tests.test_backend_api.TestDashboard" name="test_dashboard_stats" time="0.100" /><testcase classname="tests.test_backend_api.TestPPT" name="test_generate_ppt" time="63.785" /><testcase classname="tests.test_backend_api.TestChat" name="test_chat_uses_context" time="7.644" /></testsuite></testsuites>